<?xml version="1.0" encoding="UTF-8"?>
<!-- Generated by org.testng.reporters.JUnitReportReporter -->
<testsuite hostname="DESKTOP-DL6PJ8G" failures="0" tests="3" name="TestNG.Example3" time="0.008" errors="0" timestamp="2022-05-30T15:52:45 IST" skipped="0">
  <testcase classname="TestNG.Example3" name="test9" time="0.002"/>
  <system-out/>
  <testcase classname="TestNG.Example3" name="test8" time="0.002"/>
  <system-out/>
  <testcase classname="TestNG.Example3" name="test7" time="0.004"/>
  <system-out/>
</testsuite> <!-- TestNG.Example3 -->
