<?xml version="1.0" encoding="UTF-8"?>
<!-- Generated by org.testng.reporters.JUnitReportReporter -->
<testsuite hostname="DESKTOP-DL6PJ8G" failures="0" tests="3" name="TestNG.Example1" time="0.024" errors="0" timestamp="2022-05-30T15:52:45 IST" skipped="0">
  <testcase classname="TestNG.Example1" name="test1" time="0.017"/>
  <system-out/>
  <testcase classname="TestNG.Example1" name="test2" time="0.003"/>
  <system-out/>
  <testcase classname="TestNG.Example1" name="test3" time="0.004"/>
  <system-out/>
</testsuite> <!-- TestNG.Example1 -->
